#! /c/Source/iverilog-install/bin/vvp
:ivl_version "12.0 (devel)" "(s20150603-1539-g2693dd32b)";
:ivl_delay_selection "TYPICAL";
:vpi_time_precision - 12;
:vpi_module "C:\iverilog\lib\ivl\system.vpi";
:vpi_module "C:\iverilog\lib\ivl\vhdl_sys.vpi";
:vpi_module "C:\iverilog\lib\ivl\vhdl_textio.vpi";
:vpi_module "C:\iverilog\lib\ivl\v2005_math.vpi";
:vpi_module "C:\iverilog\lib\ivl\va_math.vpi";
S_000001696bc54b70 .scope module, "TB" "TB" 2 4;
 .timescale -9 -12;
v000001696bcd0c00_0 .net "F", 31 0, v000001696bc4ce50_0;  1 drivers
v000001696bcd0ca0_0 .var "clk", 0 0;
v000001696bccf260_0 .var "n", 15 0;
v000001696bccfb20_0 .var "reset", 0 0;
v000001696bccfa80_0 .var "start", 0 0;
S_000001696bc6e7a0 .scope module, "AU" "ParcialJunto" 2 11, 3 4 0, S_000001696bc54b70;
 .timescale -9 -12;
    .port_info 0 /INPUT 1 "clk";
    .port_info 1 /INPUT 1 "start";
    .port_info 2 /INPUT 16 "n";
    .port_info 3 /OUTPUT 32 "F";
P_000001696bc6e930 .param/l "S1" 0 3 27, C4<000>;
P_000001696bc6e968 .param/l "S2" 0 3 28, C4<001>;
P_000001696bc6e9a0 .param/l "S3" 0 3 29, C4<010>;
P_000001696bc6e9d8 .param/l "S4" 0 3 30, C4<011>;
P_000001696bc6ea10 .param/l "S5" 0 3 31, C4<100>;
P_000001696bc6ea48 .param/l "S6" 0 3 32, C4<101>;
P_000001696bc6ea80 .param/l "S7" 0 3 33, C4<110>;
P_000001696bc6eab8 .param/l "S8" 0 3 34, C4<111>;
v000001696bc4ce50_0 .var "F", 31 0;
v000001696bc4d350_0 .var "N", 15 0;
v000001696bc4ca90_0 .var "Y", 15 0;
v000001696bc4cdb0_0 .var "Z", 31 0;
L_000001696bda0088 .functor BUFT 1, C4<0000000000000101>, C4<0>, C4<0>, C4<0>;
v000001696bc4c770_0 .net/2u *"_ivl_0", 15 0, L_000001696bda0088;  1 drivers
L_000001696bda0118 .functor BUFT 1, C4<0000000000000001>, C4<0>, C4<0>, C4<0>;
v000001696bc4d530_0 .net/2u *"_ivl_12", 15 0, L_000001696bda0118;  1 drivers
v000001696bc4cf90_0 .net *"_ivl_14", 15 0, L_000001696bccfe40;  1 drivers
v000001696bc4c630_0 .net *"_ivl_2", 15 0, L_000001696bccff80;  1 drivers
L_000001696bda0160 .functor BUFT 1, C4<0000000000000001>, C4<0>, C4<0>, C4<0>;
v000001696bc4d170_0 .net/2u *"_ivl_20", 15 0, L_000001696bda0160;  1 drivers
v000001696bc4d0d0_0 .net *"_ivl_22", 15 0, L_000001696bccfc60;  1 drivers
L_000001696bda01a8 .functor BUFT 1, C4<00000000000000000000000000000000>, C4<0>, C4<0>, C4<0>;
v000001696bc4d3f0_0 .net/2u *"_ivl_28", 31 0, L_000001696bda01a8;  1 drivers
v000001696bc4cb30_0 .net *"_ivl_30", 31 0, L_000001696bccf580;  1 drivers
L_000001696bda01f0 .functor BUFT 1, C4<0000000000000000>, C4<0>, C4<0>, C4<0>;
v000001696bc4c950_0 .net *"_ivl_33", 15 0, L_000001696bda01f0;  1 drivers
v000001696bc4d210_0 .net *"_ivl_34", 31 0, L_000001696bcd0520;  1 drivers
v000001696bc4cbd0_0 .net *"_ivl_40", 31 0, L_000001696bccf440;  1 drivers
L_000001696bda00d0 .functor BUFT 1, C4<0000000000000011>, C4<0>, C4<0>, C4<0>;
v000001696bc4cc70_0 .net/2u *"_ivl_6", 15 0, L_000001696bda00d0;  1 drivers
v000001696bc4c8b0_0 .net *"_ivl_8", 15 0, L_000001696bcd08e0;  1 drivers
v000001696bc4d2b0_0 .net "clk", 0 0, v000001696bcd0ca0_0;  1 drivers
v000001696bc4c6d0_0 .var "f1", 0 0;
v000001696bc4d490_0 .var "futuro", 2 0;
v000001696bccf120_0 .net "n", 15 0, v000001696bccf260_0;  1 drivers
v000001696bcd0340_0 .var "n1", 0 0;
v000001696bcd0200_0 .var "n2", 0 0;
v000001696bccfee0_0 .var "n3", 0 0;
v000001696bcd0d40_0 .var "n4", 0 0;
v000001696bccfd00_0 .net "nextF1", 15 0, L_000001696bccf4e0;  1 drivers
v000001696bcd0de0_0 .net "nextN1", 15 0, L_000001696bcd03e0;  1 drivers
v000001696bcd00c0_0 .net "nextN2", 15 0, L_000001696bcd0160;  1 drivers
v000001696bccf080_0 .net "nextN3", 15 0, L_000001696bcd0a20;  1 drivers
v000001696bcd0e80_0 .net "nextN4", 15 0, L_000001696bcd0f20;  1 drivers
v000001696bcd02a0_0 .net "nextY1", 15 0, L_000001696bcd0480;  1 drivers
v000001696bcd0020_0 .net "nextY2", 15 0, L_000001696bcd07a0;  1 drivers
v000001696bcd0b60_0 .net "nextZ1", 31 0, L_000001696bccf3a0;  1 drivers
v000001696bccf300_0 .net "nextZ2", 31 0, L_000001696bcd05c0;  1 drivers
v000001696bcd0840_0 .var "presente", 2 0;
v000001696bccfbc0_0 .net "start", 0 0, v000001696bccfa80_0;  1 drivers
v000001696bcd0700_0 .var "y1", 0 0;
v000001696bccfda0_0 .var "y2", 0 0;
v000001696bcd0660_0 .var "z1", 0 0;
v000001696bccf1c0_0 .var "z2", 0 0;
E_000001696bc73740 .event posedge, v000001696bc4d2b0_0;
E_000001696bc72f00 .event anyedge, v000001696bcd0840_0;
E_000001696bc72ac0 .event anyedge, v000001696bcd0840_0, v000001696bccfbc0_0, v000001696bc4d350_0, v000001696bc4ca90_0;
E_000001696bc73480 .event anyedge, v000001696bcd0840_0, v000001696bccf120_0, v000001696bc4d350_0;
L_000001696bccff80 .arith/sub 16, v000001696bc4d350_0, L_000001696bda0088;
L_000001696bcd0f20 .functor MUXZ 16, L_000001696bccff80, v000001696bc4ca90_0, v000001696bcd0d40_0, C4<>;
L_000001696bcd08e0 .arith/sub 16, v000001696bc4d350_0, L_000001696bda00d0;
L_000001696bcd0a20 .functor MUXZ 16, L_000001696bcd08e0, L_000001696bcd0f20, v000001696bccfee0_0, C4<>;
L_000001696bccfe40 .arith/sub 16, v000001696bc4d350_0, L_000001696bda0118;
L_000001696bcd0160 .functor MUXZ 16, L_000001696bccfe40, L_000001696bcd0a20, v000001696bcd0200_0, C4<>;
L_000001696bcd03e0 .functor MUXZ 16, v000001696bc4d350_0, L_000001696bcd0160, v000001696bcd0340_0, C4<>;
L_000001696bccfc60 .arith/sub 16, v000001696bc4d350_0, L_000001696bda0160;
L_000001696bcd07a0 .functor MUXZ 16, L_000001696bccfc60, v000001696bccf260_0, v000001696bccfda0_0, C4<>;
L_000001696bcd0480 .functor MUXZ 16, v000001696bc4ca90_0, L_000001696bcd07a0, v000001696bcd0700_0, C4<>;
L_000001696bccf580 .concat [ 16 16 0 0], v000001696bc4ca90_0, L_000001696bda01f0;
L_000001696bcd0520 .arith/sum 32, v000001696bc4cdb0_0, L_000001696bccf580;
L_000001696bcd05c0 .functor MUXZ 32, L_000001696bcd0520, L_000001696bda01a8, v000001696bccf1c0_0, C4<>;
L_000001696bccf3a0 .functor MUXZ 32, v000001696bc4cdb0_0, L_000001696bcd05c0, v000001696bcd0660_0, C4<>;
L_000001696bccf440 .functor MUXZ 32, v000001696bc4ce50_0, v000001696bc4cdb0_0, v000001696bc4c6d0_0, C4<>;
L_000001696bccf4e0 .part L_000001696bccf440, 0, 16;
    .scope S_000001696bc6e7a0;
T_0 ;
    %pushi/vec4 0, 0, 3;
    %store/vec4 v000001696bcd0840_0, 0, 3;
    %end;
    .thread T_0;
    .scope S_000001696bc6e7a0;
T_1 ;
    %wait E_000001696bc73480;
    %load/vec4 v000001696bcd0840_0;
    %cmpi/e 0, 0, 3;
    %jmp/0xz  T_1.0, 4;
    %load/vec4 v000001696bccf120_0;
    %assign/vec4 v000001696bc4d350_0, 0;
    %jmp T_1.1;
T_1.0 ;
    %load/vec4 v000001696bc4d350_0;
    %assign/vec4 v000001696bc4d350_0, 0;
T_1.1 ;
    %jmp T_1;
    .thread T_1, $push;
    .scope S_000001696bc6e7a0;
T_2 ;
    %wait E_000001696bc73740;
    %load/vec4 v000001696bc4d490_0;
    %assign/vec4 v000001696bcd0840_0, 0;
    %jmp T_2;
    .thread T_2;
    .scope S_000001696bc6e7a0;
T_3 ;
    %wait E_000001696bc72ac0;
    %load/vec4 v000001696bcd0840_0;
    %dup/vec4;
    %pushi/vec4 0, 0, 3;
    %cmp/u;
    %jmp/1 T_3.0, 6;
    %dup/vec4;
    %pushi/vec4 1, 0, 3;
    %cmp/u;
    %jmp/1 T_3.1, 6;
    %dup/vec4;
    %pushi/vec4 2, 0, 3;
    %cmp/u;
    %jmp/1 T_3.2, 6;
    %dup/vec4;
    %pushi/vec4 3, 0, 3;
    %cmp/u;
    %jmp/1 T_3.3, 6;
    %dup/vec4;
    %pushi/vec4 4, 0, 3;
    %cmp/u;
    %jmp/1 T_3.4, 6;
    %dup/vec4;
    %pushi/vec4 5, 0, 3;
    %cmp/u;
    %jmp/1 T_3.5, 6;
    %dup/vec4;
    %pushi/vec4 6, 0, 3;
    %cmp/u;
    %jmp/1 T_3.6, 6;
    %dup/vec4;
    %pushi/vec4 7, 0, 3;
    %cmp/u;
    %jmp/1 T_3.7, 6;
    %pushi/vec4 0, 0, 3;
    %assign/vec4 v000001696bc4d490_0, 0;
    %jmp T_3.9;
T_3.0 ;
    %load/vec4 v000001696bccfbc0_0;
    %pad/u 32;
    %cmpi/e 1, 0, 32;
    %flag_get/vec4 4;
    %jmp/0 T_3.12, 4;
    %pushi/vec4 3, 0, 32;
    %load/vec4 v000001696bc4d350_0;
    %pad/u 32;
    %cmp/u;
    %flag_get/vec4 5;
    %and;
T_3.12;
    %flag_set/vec4 8;
    %jmp/0xz  T_3.10, 8;
    %pushi/vec4 1, 0, 3;
    %assign/vec4 v000001696bc4d490_0, 0;
    %jmp T_3.11;
T_3.10 ;
    %load/vec4 v000001696bccfbc0_0;
    %pad/u 32;
    %cmpi/e 1, 0, 32;
    %flag_get/vec4 4;
    %jmp/0 T_3.15, 4;
    %load/vec4 v000001696bc4d350_0;
    %pad/u 32;
    %cmpi/u 3, 0, 32;
    %flag_get/vec4 4;
    %flag_get/vec4 5;
    %or;
    %and;
T_3.15;
    %flag_set/vec4 8;
    %jmp/0xz  T_3.13, 8;
    %pushi/vec4 7, 0, 3;
    %assign/vec4 v000001696bc4d490_0, 0;
    %jmp T_3.14;
T_3.13 ;
    %pushi/vec4 0, 0, 3;
    %assign/vec4 v000001696bc4d490_0, 0;
T_3.14 ;
T_3.11 ;
    %jmp T_3.9;
T_3.1 ;
    %pushi/vec4 2, 0, 3;
    %assign/vec4 v000001696bc4d490_0, 0;
    %jmp T_3.9;
T_3.2 ;
    %load/vec4 v000001696bc4d350_0;
    %pad/u 32;
    %cmpi/ne 3, 0, 32;
    %flag_get/vec4 4;
    %jmp/0 T_3.18, 4;
    %load/vec4 v000001696bc4d350_0;
    %pad/u 32;
    %cmpi/u 3, 0, 32;
    %flag_get/vec4 5;
    %and;
T_3.18;
    %flag_set/vec4 8;
    %jmp/0xz  T_3.16, 8;
    %pushi/vec4 3, 0, 3;
    %assign/vec4 v000001696bc4d490_0, 0;
    %jmp T_3.17;
T_3.16 ;
    %load/vec4 v000001696bc4d350_0;
    %pad/u 32;
    %cmpi/ne 3, 0, 32;
    %flag_get/vec4 4;
    %jmp/0 T_3.21, 4;
    %pushi/vec4 3, 0, 32;
    %load/vec4 v000001696bc4d350_0;
    %pad/u 32;
    %cmp/u;
    %flag_get/vec4 5;
    %and;
T_3.21;
    %flag_set/vec4 8;
    %jmp/0xz  T_3.19, 8;
    %pushi/vec4 2, 0, 3;
    %assign/vec4 v000001696bc4d490_0, 0;
    %jmp T_3.20;
T_3.19 ;
    %load/vec4 v000001696bc4d350_0;
    %pad/u 32;
    %cmpi/e 3, 0, 32;
    %jmp/0xz  T_3.22, 4;
    %pushi/vec4 5, 0, 3;
    %assign/vec4 v000001696bc4d490_0, 0;
T_3.22 ;
T_3.20 ;
T_3.17 ;
    %jmp T_3.9;
T_3.3 ;
    %pushi/vec4 4, 0, 3;
    %assign/vec4 v000001696bc4d490_0, 0;
    %jmp T_3.9;
T_3.4 ;
    %load/vec4 v000001696bc4d350_0;
    %pad/u 32;
    %cmpi/ne 5, 0, 32;
    %flag_get/vec4 4;
    %jmp/0 T_3.26, 4;
    %pushi/vec4 5, 0, 32;
    %load/vec4 v000001696bc4d350_0;
    %pad/u 32;
    %cmp/u;
    %flag_get/vec4 5;
    %and;
T_3.26;
    %flag_set/vec4 8;
    %jmp/0xz  T_3.24, 8;
    %pushi/vec4 4, 0, 3;
    %assign/vec4 v000001696bc4d490_0, 0;
    %jmp T_3.25;
T_3.24 ;
    %load/vec4 v000001696bc4d350_0;
    %pad/u 32;
    %cmpi/ne 5, 0, 32;
    %flag_get/vec4 4;
    %jmp/0 T_3.29, 4;
    %load/vec4 v000001696bc4d350_0;
    %pad/u 32;
    %cmpi/u 5, 0, 32;
    %flag_get/vec4 5;
    %and;
T_3.29;
    %flag_set/vec4 8;
    %jmp/0xz  T_3.27, 8;
    %pushi/vec4 6, 0, 3;
    %assign/vec4 v000001696bc4d490_0, 0;
    %jmp T_3.28;
T_3.27 ;
    %load/vec4 v000001696bc4d350_0;
    %pad/u 32;
    %cmpi/e 5, 0, 32;
    %jmp/0xz  T_3.30, 4;
    %pushi/vec4 5, 0, 3;
    %assign/vec4 v000001696bc4d490_0, 0;
T_3.30 ;
T_3.28 ;
T_3.25 ;
    %jmp T_3.9;
T_3.5 ;
    %load/vec4 v000001696bc4ca90_0;
    %pad/u 32;
    %cmpi/ne 3, 0, 32;
    %jmp/0xz  T_3.32, 4;
    %pushi/vec4 6, 0, 3;
    %assign/vec4 v000001696bc4d490_0, 0;
    %jmp T_3.33;
T_3.32 ;
    %load/vec4 v000001696bc4ca90_0;
    %pad/u 32;
    %cmpi/e 3, 0, 32;
    %jmp/0xz  T_3.34, 4;
    %pushi/vec4 7, 0, 3;
    %assign/vec4 v000001696bc4d490_0, 0;
T_3.34 ;
T_3.33 ;
    %jmp T_3.9;
T_3.6 ;
    %pushi/vec4 1, 0, 3;
    %assign/vec4 v000001696bc4d490_0, 0;
    %jmp T_3.9;
T_3.7 ;
    %pushi/vec4 0, 0, 3;
    %assign/vec4 v000001696bc4d490_0, 0;
    %jmp T_3.9;
T_3.9 ;
    %pop/vec4 1;
    %jmp T_3;
    .thread T_3, $push;
    .scope S_000001696bc6e7a0;
T_4 ;
    %wait E_000001696bc72f00;
    %load/vec4 v000001696bcd0840_0;
    %dup/vec4;
    %pushi/vec4 0, 0, 3;
    %cmp/u;
    %jmp/1 T_4.0, 6;
    %dup/vec4;
    %pushi/vec4 1, 0, 3;
    %cmp/u;
    %jmp/1 T_4.1, 6;
    %dup/vec4;
    %pushi/vec4 2, 0, 3;
    %cmp/u;
    %jmp/1 T_4.2, 6;
    %dup/vec4;
    %pushi/vec4 3, 0, 3;
    %cmp/u;
    %jmp/1 T_4.3, 6;
    %dup/vec4;
    %pushi/vec4 4, 0, 3;
    %cmp/u;
    %jmp/1 T_4.4, 6;
    %dup/vec4;
    %pushi/vec4 5, 0, 3;
    %cmp/u;
    %jmp/1 T_4.5, 6;
    %dup/vec4;
    %pushi/vec4 6, 0, 3;
    %cmp/u;
    %jmp/1 T_4.6, 6;
    %dup/vec4;
    %pushi/vec4 7, 0, 3;
    %cmp/u;
    %jmp/1 T_4.7, 6;
    %pushi/vec4 0, 0, 1;
    %assign/vec4 v000001696bcd0340_0, 0;
    %pushi/vec4 1, 0, 1;
    %assign/vec4 v000001696bcd0200_0, 0;
    %pushi/vec4 1, 0, 1;
    %assign/vec4 v000001696bccfee0_0, 0;
    %pushi/vec4 1, 0, 1;
    %assign/vec4 v000001696bcd0d40_0, 0;
    %pushi/vec4 1, 0, 1;
    %assign/vec4 v000001696bcd0700_0, 0;
    %pushi/vec4 1, 0, 1;
    %assign/vec4 v000001696bccfda0_0, 0;
    %pushi/vec4 1, 0, 1;
    %assign/vec4 v000001696bcd0660_0, 0;
    %pushi/vec4 1, 0, 1;
    %assign/vec4 v000001696bccf1c0_0, 0;
    %pushi/vec4 0, 0, 1;
    %assign/vec4 v000001696bc4c6d0_0, 0;
    %jmp T_4.9;
T_4.0 ;
    %pushi/vec4 0, 0, 1;
    %assign/vec4 v000001696bcd0340_0, 0;
    %pushi/vec4 1, 0, 1;
    %assign/vec4 v000001696bcd0200_0, 0;
    %pushi/vec4 1, 0, 1;
    %assign/vec4 v000001696bccfee0_0, 0;
    %pushi/vec4 1, 0, 1;
    %assign/vec4 v000001696bcd0d40_0, 0;
    %pushi/vec4 1, 0, 1;
    %assign/vec4 v000001696bcd0700_0, 0;
    %pushi/vec4 1, 0, 1;
    %assign/vec4 v000001696bccfda0_0, 0;
    %pushi/vec4 1, 0, 1;
    %assign/vec4 v000001696bcd0660_0, 0;
    %pushi/vec4 1, 0, 1;
    %assign/vec4 v000001696bccf1c0_0, 0;
    %pushi/vec4 0, 0, 1;
    %assign/vec4 v000001696bc4c6d0_0, 0;
    %jmp T_4.9;
T_4.1 ;
    %pushi/vec4 1, 0, 1;
    %assign/vec4 v000001696bcd0340_0, 0;
    %pushi/vec4 0, 0, 1;
    %assign/vec4 v000001696bcd0200_0, 0;
    %pushi/vec4 1, 0, 1;
    %assign/vec4 v000001696bccfee0_0, 0;
    %pushi/vec4 1, 0, 1;
    %assign/vec4 v000001696bcd0d40_0, 0;
    %pushi/vec4 1, 0, 1;
    %assign/vec4 v000001696bcd0700_0, 0;
    %pushi/vec4 0, 0, 1;
    %assign/vec4 v000001696bccfda0_0, 0;
    %pushi/vec4 0, 0, 1;
    %assign/vec4 v000001696bcd0660_0, 0;
    %pushi/vec4 1, 0, 1;
    %assign/vec4 v000001696bccf1c0_0, 0;
    %pushi/vec4 0, 0, 1;
    %assign/vec4 v000001696bc4c6d0_0, 0;
    %jmp T_4.9;
T_4.2 ;
    %pushi/vec4 1, 0, 1;
    %assign/vec4 v000001696bcd0340_0, 0;
    %pushi/vec4 1, 0, 1;
    %assign/vec4 v000001696bcd0200_0, 0;
    %pushi/vec4 0, 0, 1;
    %assign/vec4 v000001696bccfee0_0, 0;
    %pushi/vec4 1, 0, 1;
    %assign/vec4 v000001696bcd0d40_0, 0;
    %pushi/vec4 0, 0, 1;
    %assign/vec4 v000001696bcd0700_0, 0;
    %pushi/vec4 1, 0, 1;
    %assign/vec4 v000001696bccfda0_0, 0;
    %pushi/vec4 0, 0, 1;
    %assign/vec4 v000001696bcd0660_0, 0;
    %pushi/vec4 1, 0, 1;
    %assign/vec4 v000001696bccf1c0_0, 0;
    %pushi/vec4 0, 0, 1;
    %assign/vec4 v000001696bc4c6d0_0, 0;
    %jmp T_4.9;
T_4.3 ;
    %pushi/vec4 1, 0, 1;
    %assign/vec4 v000001696bcd0340_0, 0;
    %pushi/vec4 1, 0, 1;
    %assign/vec4 v000001696bcd0200_0, 0;
    %pushi/vec4 1, 0, 1;
    %assign/vec4 v000001696bccfee0_0, 0;
    %pushi/vec4 1, 0, 1;
    %assign/vec4 v000001696bcd0d40_0, 0;
    %pushi/vec4 0, 0, 1;
    %assign/vec4 v000001696bcd0700_0, 0;
    %pushi/vec4 1, 0, 1;
    %assign/vec4 v000001696bccfda0_0, 0;
    %pushi/vec4 0, 0, 1;
    %assign/vec4 v000001696bcd0660_0, 0;
    %pushi/vec4 1, 0, 1;
    %assign/vec4 v000001696bccf1c0_0, 0;
    %pushi/vec4 0, 0, 1;
    %assign/vec4 v000001696bc4c6d0_0, 0;
    %jmp T_4.9;
T_4.4 ;
    %pushi/vec4 1, 0, 1;
    %assign/vec4 v000001696bcd0340_0, 0;
    %pushi/vec4 1, 0, 1;
    %assign/vec4 v000001696bcd0200_0, 0;
    %pushi/vec4 1, 0, 1;
    %assign/vec4 v000001696bccfee0_0, 0;
    %pushi/vec4 0, 0, 1;
    %assign/vec4 v000001696bcd0d40_0, 0;
    %pushi/vec4 0, 0, 1;
    %assign/vec4 v000001696bcd0700_0, 0;
    %pushi/vec4 1, 0, 1;
    %assign/vec4 v000001696bccfda0_0, 0;
    %pushi/vec4 0, 0, 1;
    %assign/vec4 v000001696bcd0660_0, 0;
    %pushi/vec4 1, 0, 1;
    %assign/vec4 v000001696bccf1c0_0, 0;
    %pushi/vec4 0, 0, 1;
    %assign/vec4 v000001696bc4c6d0_0, 0;
    %jmp T_4.9;
T_4.5 ;
    %pushi/vec4 0, 0, 1;
    %assign/vec4 v000001696bcd0340_0, 0;
    %pushi/vec4 1, 0, 1;
    %assign/vec4 v000001696bcd0200_0, 0;
    %pushi/vec4 1, 0, 1;
    %assign/vec4 v000001696bccfee0_0, 0;
    %pushi/vec4 1, 0, 1;
    %assign/vec4 v000001696bcd0d40_0, 0;
    %pushi/vec4 0, 0, 1;
    %assign/vec4 v000001696bcd0700_0, 0;
    %pushi/vec4 1, 0, 1;
    %assign/vec4 v000001696bccfda0_0, 0;
    %pushi/vec4 1, 0, 1;
    %assign/vec4 v000001696bcd0660_0, 0;
    %pushi/vec4 0, 0, 1;
    %assign/vec4 v000001696bccf1c0_0, 0;
    %pushi/vec4 0, 0, 1;
    %assign/vec4 v000001696bc4c6d0_0, 0;
    %jmp T_4.9;
T_4.6 ;
    %pushi/vec4 1, 0, 1;
    %assign/vec4 v000001696bcd0340_0, 0;
    %pushi/vec4 1, 0, 1;
    %assign/vec4 v000001696bcd0200_0, 0;
    %pushi/vec4 1, 0, 1;
    %assign/vec4 v000001696bccfee0_0, 0;
    %pushi/vec4 1, 0, 1;
    %assign/vec4 v000001696bcd0d40_0, 0;
    %pushi/vec4 0, 0, 1;
    %assign/vec4 v000001696bcd0700_0, 0;
    %pushi/vec4 1, 0, 1;
    %assign/vec4 v000001696bccfda0_0, 0;
    %pushi/vec4 0, 0, 1;
    %assign/vec4 v000001696bcd0660_0, 0;
    %pushi/vec4 1, 0, 1;
    %assign/vec4 v000001696bccf1c0_0, 0;
    %pushi/vec4 0, 0, 1;
    %assign/vec4 v000001696bc4c6d0_0, 0;
    %jmp T_4.9;
T_4.7 ;
    %pushi/vec4 0, 0, 1;
    %assign/vec4 v000001696bcd0340_0, 0;
    %pushi/vec4 1, 0, 1;
    %assign/vec4 v000001696bcd0200_0, 0;
    %pushi/vec4 1, 0, 1;
    %assign/vec4 v000001696bccfee0_0, 0;
    %pushi/vec4 1, 0, 1;
    %assign/vec4 v000001696bcd0d40_0, 0;
    %pushi/vec4 0, 0, 1;
    %assign/vec4 v000001696bcd0700_0, 0;
    %pushi/vec4 1, 0, 1;
    %assign/vec4 v000001696bccfda0_0, 0;
    %pushi/vec4 0, 0, 1;
    %assign/vec4 v000001696bcd0660_0, 0;
    %pushi/vec4 1, 0, 1;
    %assign/vec4 v000001696bccf1c0_0, 0;
    %pushi/vec4 1, 0, 1;
    %assign/vec4 v000001696bc4c6d0_0, 0;
    %jmp T_4.9;
T_4.9 ;
    %pop/vec4 1;
    %jmp T_4;
    .thread T_4, $push;
    .scope S_000001696bc6e7a0;
T_5 ;
    %wait E_000001696bc73740;
    %load/vec4 v000001696bcd0de0_0;
    %assign/vec4 v000001696bc4d350_0, 0;
    %jmp T_5;
    .thread T_5;
    .scope S_000001696bc6e7a0;
T_6 ;
    %wait E_000001696bc73740;
    %load/vec4 v000001696bcd02a0_0;
    %assign/vec4 v000001696bc4ca90_0, 0;
    %jmp T_6;
    .thread T_6;
    .scope S_000001696bc6e7a0;
T_7 ;
    %wait E_000001696bc73740;
    %load/vec4 v000001696bcd0b60_0;
    %assign/vec4 v000001696bc4cdb0_0, 0;
    %jmp T_7;
    .thread T_7;
    .scope S_000001696bc6e7a0;
T_8 ;
    %wait E_000001696bc73740;
    %load/vec4 v000001696bccfd00_0;
    %pad/u 32;
    %assign/vec4 v000001696bc4ce50_0, 0;
    %jmp T_8;
    .thread T_8;
    .scope S_000001696bc54b70;
T_9 ;
    %pushi/vec4 0, 0, 1;
    %store/vec4 v000001696bcd0ca0_0, 0, 1;
    %pushi/vec4 0, 0, 1;
    %store/vec4 v000001696bccfb20_0, 0, 1;
    %pushi/vec4 8, 0, 16;
    %store/vec4 v000001696bccf260_0, 0, 16;
    %pushi/vec4 1, 0, 1;
    %store/vec4 v000001696bccfa80_0, 0, 1;
    %end;
    .thread T_9;
    .scope S_000001696bc54b70;
T_10 ;
    %delay 5000, 0;
    %load/vec4 v000001696bcd0ca0_0;
    %inv;
    %store/vec4 v000001696bcd0ca0_0, 0, 1;
    %jmp T_10;
    .thread T_10;
    .scope S_000001696bc54b70;
T_11 ;
    %delay 10000, 0;
    %pushi/vec4 1, 0, 1;
    %store/vec4 v000001696bccfa80_0, 0, 1;
    %delay 500000, 0;
    %pushi/vec4 15, 0, 16;
    %store/vec4 v000001696bccf260_0, 0, 16;
    %delay 2000000, 0;
    %vpi_call 2 40 "$finish" {0 0 0};
    %end;
    .thread T_11;
    .scope S_000001696bc54b70;
T_12 ;
    %vpi_call 2 43 "$dumpfile", "resultados.vcd" {0 0 0};
    %vpi_call 2 44 "$dumpvars" {0 0 0};
    %end;
    .thread T_12;
# The file index is used to find the file name in the following table.
:file_names 4;
    "N/A";
    "<interactive>";
    "TB.v";
    "ParcialJunto.v";
